<?xml version="1.0" encoding="UTF-8"?>
<!-- Generated by org.testng.reporters.JUnitReportReporter -->
<testsuite hostname="GiangTruong" name="src.TestNGScript" tests="3" failures="0" timestamp="7 Nov 2018 06:51:15 GMT" time="31.673" errors="0">
  <testcase name="verifyResponsibleGambling" time="11.590" classname="src.TestNGScript"/>
  <testcase name="verifyBettingRule" time="9.870" classname="src.TestNGScript"/>
  <testcase name="verifyAboutUsPage" time="10.213" classname="src.TestNGScript"/>
</testsuite> <!-- src.TestNGScript -->
