<?xml version="1.0" encoding="UTF-8"?>
<!-- Generated by org.testng.reporters.JUnitReportReporter -->
<testsuite hostname="GiangTruong" name="src.TestNGScript" tests="2" failures="0" timestamp="9 Nov 2018 07:06:31 GMT" time="23.046" errors="0">
  <testcase name="verifyLogin" time="11.672" classname="src.TestNGScript"/>
  <testcase name="verifyLogin" time="11.374" classname="src.TestNGScript"/>
</testsuite> <!-- src.TestNGScript -->
