<?xml version="1.0" encoding="UTF-8"?>
<!-- Generated by org.testng.reporters.JUnitReportReporter -->
<testsuite hostname="DESKTOP-C3KNAPR" name="testNGScript" tests="2" failures="0" timestamp="9 Nov 2018 07:08:54 GMT" time="45.973" errors="0">
  <testcase name="verifyLogin" time="23.167" classname="testNGScript"/>
  <testcase name="verifyLogin" time="22.806" classname="testNGScript"/>
</testsuite> <!-- testNGScript -->
