<?xml version="1.0" encoding="UTF-8"?>
<!-- Generated by org.testng.reporters.JUnitReportReporter -->
<testsuite hostname="GiangTruong" name="src.TestNGScript" tests="2" failures="0" timestamp="9 Nov 2018 07:09:04 GMT" time="30.068" errors="0">
  <testcase name="verifyLogin" time="15.047" classname="src.TestNGScript"/>
  <testcase name="verifyLogin" time="15.021" classname="src.TestNGScript"/>
</testsuite> <!-- src.TestNGScript -->
