<?xml version="1.0" encoding="UTF-8"?>
<!-- Generated by org.testng.reporters.JUnitReportReporter -->
<testsuite hostname="Kolabss-MacBook-Pro-2.local" name="TestNGScript" tests="4" failures="0" timestamp="7 Nov 2018 06:56:44 GMT" time="95.113" errors="0">
  <testcase name="verifyPrivacyPolicyPage" time="24.620" classname="TestNGScript"/>
  <testcase name="verifyResponsibleGamblingPage" time="24.561" classname="TestNGScript"/>
  <testcase name="verifyBettingRulePage" time="22.655" classname="TestNGScript"/>
  <testcase name="verifyAboutUsPage" time="23.277" classname="TestNGScript"/>
</testsuite> <!-- TestNGScript -->
