<?xml version="1.0" encoding="UTF-8"?>
<!-- Generated by org.testng.reporters.JUnitReportReporter -->
<testsuite hostname="Kolabss-MacBook-Pro-2.local" name="TestNGScript" tests="4" failures="0" timestamp="9 Nov 2018 07:10:45 GMT" time="119.121" errors="0">
  <testcase name="verifyLogin" time="19.412" classname="TestNGScript"/>
  <testcase name="verifyLogin" time="15.664" classname="TestNGScript"/>
  <testcase name="verifyLogin" time="44.273" classname="TestNGScript"/>
  <testcase name="verifyLogin" time="39.772" classname="TestNGScript"/>
</testsuite> <!-- TestNGScript -->
