<?xml version="1.0" encoding="UTF-8"?>
<!-- Generated by org.testng.reporters.JUnitReportReporter -->
<testsuite hostname="GiangTruong" name="src.TestNGScript" tests="3" failures="0" timestamp="7 Nov 2018 06:54:16 GMT" time="45.307" errors="0">
  <testcase name="verifyAboutUsPage" time="11.429" classname="src.TestNGScript"/>
  <testcase name="verifyBettingRule" time="16.939" classname="src.TestNGScript"/>
  <testcase name="verifyResponsibleGambling" time="16.939" classname="src.TestNGScript"/>
</testsuite> <!-- src.TestNGScript -->
